This is pdfTeX, Version 3.14159265-2.6-1.40.21 (MiKTeX 2.9.7300 64-bit) (preloaded format=pdflatex 2020.2.23)  3 MAY 2020 01:38
entering extended mode
**"./Post-Quantum Cryptography.tex"
("Post-Quantum Cryptography.tex"
LaTeX2e <2020-02-02> patch level 3
L3 programming layer <2020-02-21>
("C:\Users\legua\AppData\Local\Programs\MiKTeX 2.9\tex/latex/ieeetran\IEEEtran.
cls"
Document Class: IEEEtran 2015/08/26 V1.8b by Michael Shell
-- See the "IEEEtran_HOWTO" manual for usage information.
-- http://www.michaelshell.org/tex/ieeetran/
\@IEEEtrantmpdimenA=\dimen134
\@IEEEtrantmpdimenB=\dimen135
\@IEEEtrantmpdimenC=\dimen136
\@IEEEtrantmpcountA=\count167
\@IEEEtrantmpcountB=\count168
\@IEEEtrantmpcountC=\count169
\@IEEEtrantmptoksA=\toks14
LaTeX Font Info:    Trying to load font information for OT1+ptm on input line 5
03.
("C:\Users\legua\AppData\Local\Programs\MiKTeX 2.9\tex/latex/psnfss\ot1ptm.fd"
File: ot1ptm.fd 2001/06/04 font definitions for OT1/ptm.
)
-- Using 210mm x 297mm (a4) paper.
-- Using PDF output.
\@IEEEnormalsizeunitybaselineskip=\dimen137
-- This is a 10 point document.
\CLASSINFOnormalsizebaselineskip=\dimen138
\CLASSINFOnormalsizeunitybaselineskip=\dimen139
\IEEEnormaljot=\dimen140
LaTeX Font Info:    Font shape `OT1/ptm/bx/n' in size <5> not available
(Font)              Font shape `OT1/ptm/b/n' tried instead on input line 1090.
LaTeX Font Info:    Font shape `OT1/ptm/bx/it' in size <5> not available
(Font)              Font shape `OT1/ptm/b/it' tried instead on input line 1090.

LaTeX Font Info:    Font shape `OT1/ptm/bx/n' in size <7> not available
(Font)              Font shape `OT1/ptm/b/n' tried instead on input line 1090.
LaTeX Font Info:    Font shape `OT1/ptm/bx/it' in size <7> not available
(Font)              Font shape `OT1/ptm/b/it' tried instead on input line 1090.

LaTeX Font Info:    Font shape `OT1/ptm/bx/n' in size <8> not available
(Font)              Font shape `OT1/ptm/b/n' tried instead on input line 1090.
LaTeX Font Info:    Font shape `OT1/ptm/bx/it' in size <8> not available
(Font)              Font shape `OT1/ptm/b/it' tried instead on input line 1090.

LaTeX Font Info:    Font shape `OT1/ptm/bx/n' in size <9> not available
(Font)              Font shape `OT1/ptm/b/n' tried instead on input line 1090.
LaTeX Font Info:    Font shape `OT1/ptm/bx/it' in size <9> not available
(Font)              Font shape `OT1/ptm/b/it' tried instead on input line 1090.

LaTeX Font Info:    Font shape `OT1/ptm/bx/n' in size <10> not available
(Font)              Font shape `OT1/ptm/b/n' tried instead on input line 1090.
LaTeX Font Info:    Font shape `OT1/ptm/bx/it' in size <10> not available
(Font)              Font shape `OT1/ptm/b/it' tried instead on input line 1090.

LaTeX Font Info:    Font shape `OT1/ptm/bx/n' in size <11> not available
(Font)              Font shape `OT1/ptm/b/n' tried instead on input line 1090.
LaTeX Font Info:    Font shape `OT1/ptm/bx/it' in size <11> not available
(Font)              Font shape `OT1/ptm/b/it' tried instead on input line 1090.

LaTeX Font Info:    Font shape `OT1/ptm/bx/n' in size <12> not available
(Font)              Font shape `OT1/ptm/b/n' tried instead on input line 1090.
LaTeX Font Info:    Font shape `OT1/ptm/bx/it' in size <12> not available
(Font)              Font shape `OT1/ptm/b/it' tried instead on input line 1090.

LaTeX Font Info:    Font shape `OT1/ptm/bx/n' in size <17> not available
(Font)              Font shape `OT1/ptm/b/n' tried instead on input line 1090.
LaTeX Font Info:    Font shape `OT1/ptm/bx/it' in size <17> not available
(Font)              Font shape `OT1/ptm/b/it' tried instead on input line 1090.

LaTeX Font Info:    Font shape `OT1/ptm/bx/n' in size <20> not available
(Font)              Font shape `OT1/ptm/b/n' tried instead on input line 1090.
LaTeX Font Info:    Font shape `OT1/ptm/bx/it' in size <20> not available
(Font)              Font shape `OT1/ptm/b/it' tried instead on input line 1090.

LaTeX Font Info:    Font shape `OT1/ptm/bx/n' in size <24> not available
(Font)              Font shape `OT1/ptm/b/n' tried instead on input line 1090.
LaTeX Font Info:    Font shape `OT1/ptm/bx/it' in size <24> not available
(Font)              Font shape `OT1/ptm/b/it' tried instead on input line 1090.

\IEEEquantizedlength=\dimen141
\IEEEquantizedlengthdiff=\dimen142
\IEEEquantizedtextheightdiff=\dimen143
\IEEEilabelindentA=\dimen144
\IEEEilabelindentB=\dimen145
\IEEEilabelindent=\dimen146
\IEEEelabelindent=\dimen147
\IEEEdlabelindent=\dimen148
\IEEElabelindent=\dimen149
\IEEEiednormlabelsep=\dimen150
\IEEEiedmathlabelsep=\dimen151
\IEEEiedtopsep=\skip47
\c@section=\count170
\c@subsection=\count171
\c@subsubsection=\count172
\c@paragraph=\count173
\c@IEEEsubequation=\count174
\abovecaptionskip=\skip48
\belowcaptionskip=\skip49
\c@figure=\count175
\c@table=\count176
\@IEEEeqnnumcols=\count177
\@IEEEeqncolcnt=\count178
\@IEEEsubeqnnumrollback=\count179
\@IEEEquantizeheightA=\dimen152
\@IEEEquantizeheightB=\dimen153
\@IEEEquantizeheightC=\dimen154
\@IEEEquantizeprevdepth=\dimen155
\@IEEEquantizemultiple=\count180
\@IEEEquantizeboxA=\box45
\@IEEEtmpitemindent=\dimen156
\IEEEPARstartletwidth=\dimen157
\c@IEEEbiography=\count181
\@IEEEtranrubishbin=\box46
) ("C:\Users\legua\AppData\Local\Programs\MiKTeX 2.9\tex/latex/base\inputenc.st
y"
Package: inputenc 2018/08/11 v1.3c Input encoding file
\inpenc@prehook=\toks15
\inpenc@posthook=\toks16
)
("C:\Users\legua\AppData\Local\Programs\MiKTeX 2.9\tex/latex/amsmath\amsmath.st
y"
Package: amsmath 2020/01/20 v2.17e AMS math features
\@mathmargin=\skip50

For additional information on amsmath, use the `?' option.

("C:\Users\legua\AppData\Local\Programs\MiKTeX 2.9\tex/latex/amsmath\amstext.st
y"
Package: amstext 2000/06/29 v2.01 AMS text

("C:\Users\legua\AppData\Local\Programs\MiKTeX 2.9\tex/latex/amsmath\amsgen.sty
"
File: amsgen.sty 1999/11/30 v2.0 generic functions
\@emptytoks=\toks17
\ex@=\dimen158
))
("C:\Users\legua\AppData\Local\Programs\MiKTeX 2.9\tex/latex/amsmath\amsbsy.sty
"
Package: amsbsy 1999/11/29 v1.2d Bold Symbols
\pmbraise@=\dimen159
)
("C:\Users\legua\AppData\Local\Programs\MiKTeX 2.9\tex/latex/amsmath\amsopn.sty
"
Package: amsopn 2016/03/08 v2.02 operator names
)
\inf@bad=\count182
LaTeX Info: Redefining \frac on input line 227.
\uproot@=\count183
\leftroot@=\count184
LaTeX Info: Redefining \overline on input line 389.
\classnum@=\count185
\DOTSCASE@=\count186
LaTeX Info: Redefining \ldots on input line 486.
LaTeX Info: Redefining \dots on input line 489.
LaTeX Info: Redefining \cdots on input line 610.
\Mathstrutbox@=\box47
\strutbox@=\box48
\big@size=\dimen160
LaTeX Font Info:    Redeclaring font encoding OML on input line 733.
LaTeX Font Info:    Redeclaring font encoding OMS on input line 734.
\macc@depth=\count187
\c@MaxMatrixCols=\count188
\dotsspace@=\muskip16
\c@parentequation=\count189
\dspbrk@lvl=\count190
\tag@help=\toks18
\row@=\count191
\column@=\count192
\maxfields@=\count193
\andhelp@=\toks19
\eqnshift@=\dimen161
\alignsep@=\dimen162
\tagshift@=\dimen163
\tagwidth@=\dimen164
\totwidth@=\dimen165
\lineht@=\dimen166
\@envbody=\toks20
\multlinegap=\skip51
\multlinetaggap=\skip52
\mathdisplay@stack=\toks21
LaTeX Info: Redefining \[ on input line 2859.
LaTeX Info: Redefining \] on input line 2860.
)
("C:\Users\legua\AppData\Local\Programs\MiKTeX 2.9\tex/latex/amsfonts\amsfonts.
sty"
Package: amsfonts 2013/01/14 v3.01 Basic AMSFonts support
\symAMSa=\mathgroup4
\symAMSb=\mathgroup5
LaTeX Font Info:    Redeclaring math symbol \hbar on input line 98.
LaTeX Font Info:    Overwriting math alphabet `\mathfrak' in version `bold'
(Font)                  U/euf/m/n --> U/euf/b/n on input line 106.
)
("C:\Users\legua\AppData\Local\Programs\MiKTeX 2.9\tex/latex/amsfonts\amssymb.s
ty"
Package: amssymb 2013/01/14 v3.01 AMS font symbols
)
("C:\Users\legua\AppData\Local\Programs\MiKTeX 2.9\tex/latex/graphics\graphicx.
sty"
Package: graphicx 2019/11/30 v1.2a Enhanced LaTeX Graphics (DPC,SPQR)

("C:\Users\legua\AppData\Local\Programs\MiKTeX 2.9\tex/latex/graphics\keyval.st
y"
Package: keyval 2014/10/28 v1.15 key=value parser (DPC)
\KV@toks@=\toks22
)
("C:\Users\legua\AppData\Local\Programs\MiKTeX 2.9\tex/latex/graphics\graphics.
sty"
Package: graphics 2019/11/30 v1.4a Standard LaTeX Graphics (DPC,SPQR)

("C:\Users\legua\AppData\Local\Programs\MiKTeX 2.9\tex/latex/graphics\trig.sty"
Package: trig 2016/01/03 v1.10 sin cos tan (DPC)
)
("C:\Users\legua\AppData\Local\Programs\MiKTeX 2.9\tex/latex/graphics-cfg\graph
ics.cfg"
File: graphics.cfg 2016/06/04 v1.11 sample graphics configuration
)
Package graphics Info: Driver file: pdftex.def on input line 105.

("C:\Users\legua\AppData\Local\Programs\MiKTeX 2.9\tex/latex/graphics-def\pdfte
x.def"
File: pdftex.def 2018/01/08 v1.0l Graphics/color driver for pdftex
))
\Gin@req@height=\dimen167
\Gin@req@width=\dimen168
)
("C:\Users\legua\AppData\Local\Programs\MiKTeX 2.9\tex/latex/lipsum\lipsum.sty"
("C:\Users\legua\AppData\Local\Programs\MiKTeX 2.9\tex/latex/l3kernel\expl3.sty
"
Package: expl3 2020-02-21 L3 programming layer (loader) 

("C:\Users\legua\AppData\Local\Programs\MiKTeX 2.9\tex/latex/l3backend\l3backen
d-pdfmode.def"
File: l3backend-pdfmode.def 2020-02-21 L3 backend support: PDF mode
\l__kernel_color_stack_int=\count194
\l__pdf_internal_box=\box49
))
("C:\Users\legua\AppData\Local\Programs\MiKTeX 2.9\tex/latex/l3packages/xparse\
xparse.sty"
Package: xparse 2020-02-14 L3 Experimental document command parser
\l__xparse_current_arg_int=\count195
\g__xparse_grabber_int=\count196
\l__xparse_m_args_int=\count197
\l__xparse_v_nesting_int=\count198
)
Package: lipsum 2019/01/02 v2.2 150 paragraphs of Lorem Ipsum dummy text

("C:\Users\legua\AppData\Local\Programs\MiKTeX 2.9\tex/latex/lipsum\lipsum.ltd.
tex"
File: lipsum.ltd.tex 2019/01/02 v2.2 The Lorem ipsum dummy text
))
("C:\Users\legua\AppData\Local\Programs\MiKTeX 2.9\tex/latex/tools\array.sty"
Package: array 2019/08/31 v2.4l Tabular extension package (FMi)
\col@sep=\dimen169
\ar@mcellbox=\box50
\extrarowheight=\dimen170
\NC@list=\toks23
\extratabsurround=\skip53
\backup@length=\skip54
\ar@cellbox=\box51
)
("C:\Users\legua\AppData\Local\Programs\MiKTeX 2.9\tex/latex/geometry\geometry.
sty"
Package: geometry 2020/01/02 v5.9 Page Geometry

("C:\Users\legua\AppData\Local\Programs\MiKTeX 2.9\tex/generic/iftex\ifvtex.sty
"
Package: ifvtex 2019/10/25 v1.7 ifvtex legacy package. Use iftex instead.
 ("C:\Users\legua\AppData\Local\Programs\MiKTeX 2.9\tex/generic/iftex\iftex.sty
"
Package: iftex 2019/11/07 v1.0c TeX engine tests
))
\Gm@cnth=\count199
\Gm@cntv=\count266
\c@Gm@tempcnt=\count267
\Gm@bindingoffset=\dimen171
\Gm@wd@mp=\dimen172
\Gm@odd@mp=\dimen173
\Gm@even@mp=\dimen174
\Gm@layoutwidth=\dimen175
\Gm@layoutheight=\dimen176
\Gm@layouthoffset=\dimen177
\Gm@layoutvoffset=\dimen178
\Gm@dimlist=\toks24

("C:\Users\legua\AppData\Local\Programs\MiKTeX 2.9\tex/latex/geometry\geometry.
cfg")) ("Post-Quantum Cryptography.aux")
\openout1 = `"Post-Quantum Cryptography.aux"'.

LaTeX Font Info:    Checking defaults for OML/cmm/m/it on input line 13.
LaTeX Font Info:    ... okay on input line 13.
LaTeX Font Info:    Checking defaults for OMS/cmsy/m/n on input line 13.
LaTeX Font Info:    ... okay on input line 13.
LaTeX Font Info:    Checking defaults for OT1/cmr/m/n on input line 13.
LaTeX Font Info:    ... okay on input line 13.
LaTeX Font Info:    Checking defaults for T1/cmr/m/n on input line 13.
LaTeX Font Info:    ... okay on input line 13.
LaTeX Font Info:    Checking defaults for TS1/cmr/m/n on input line 13.
LaTeX Font Info:    ... okay on input line 13.
LaTeX Font Info:    Checking defaults for OMX/cmex/m/n on input line 13.
LaTeX Font Info:    ... okay on input line 13.
LaTeX Font Info:    Checking defaults for U/cmr/m/n on input line 13.
LaTeX Font Info:    ... okay on input line 13.

-- Lines per column: 58 (approximate, difference = 4.50687pt).

("C:\Users\legua\AppData\Local\Programs\MiKTeX 2.9\tex/context/base/mkii\supp-p
df.mkii"
[Loading MPS to PDF converter (version 2006.09.02).]
\scratchcounter=\count268
\scratchdimen=\dimen179
\scratchbox=\box52
\nofMPsegments=\count269
\nofMParguments=\count270
\everyMPshowfont=\toks25
\MPscratchCnt=\count271
\MPscratchDim=\dimen180
\MPnumerator=\count272
\makeMPintoPDFobject=\count273
\everyMPtoPDFconversion=\toks26
)
("C:\Users\legua\AppData\Local\Programs\MiKTeX 2.9\tex/latex/epstopdf-pkg\epsto
pdf-base.sty"
Package: epstopdf-base 2020-01-24 v2.11 Base part for package epstopdf
Package epstopdf-base Info: Redefining graphics rule for `.eps' on input line 4
85.
)
*geometry* driver: auto-detecting
*geometry* detected driver: pdftex
*geometry* verbose mode - [ preamble ] result:
* driver: pdftex
* paper: a4paper
* layout: <same size as paper>
* layoutoffset:(h,v)=(0.0pt,0.0pt)
* modes: 
* h-part:(L,W,R)=(72.26999pt, 452.9679pt, 72.26999pt)
* v-part:(T,H,B)=(72.26999pt, 700.50687pt, 72.26999pt)
* \paperwidth=597.50787pt
* \paperheight=845.04684pt
* \textwidth=452.9679pt
* \textheight=700.50687pt
* \oddsidemargin=0.0pt
* \evensidemargin=0.0pt
* \topmargin=-33.342pt
* \headheight=12.0pt
* \headsep=21.342pt
* \topskip=12.0pt
* \footskip=50.84616pt
* \marginparwidth=20.0pt
* \marginparsep=10.0pt
* \columnsep=12.0pt
* \skip\footins=10.79993pt plus 4.79993pt minus 2.39996pt
* \hoffset=0.0pt
* \voffset=0.0pt
* \mag=1000
* \@twocolumntrue
* \@twosidefalse
* \@mparswitchfalse
* \@reversemarginfalse
* (1in=72.27pt=25.4mm, 1cm=28.453pt)


Underfull \hbox (badness 2818) in paragraph at lines 19--22
\OT1/ptm/m/n/10 and cloud com-put-ing. Con-sid-er-ing the level on
 []


Underfull \hbox (badness 10000) in paragraph at lines 19--22

 []


Underfull \hbox (badness 10000) in paragraph at lines 19--22

 []

LaTeX Font Info:    Trying to load font information for U+msa on input line 26.

("C:\Users\legua\AppData\Local\Programs\MiKTeX 2.9\tex/latex/amsfonts\umsa.fd"
File: umsa.fd 2013/01/14 v3.01 AMS symbols A
)
LaTeX Font Info:    Trying to load font information for U+msb on input line 26.

("C:\Users\legua\AppData\Local\Programs\MiKTeX 2.9\tex/latex/amsfonts\umsb.fd"
File: umsb.fd 2013/01/14 v3.01 AMS symbols B
)
Underfull \hbox (badness 10000) in paragraph at lines 23--29

 []


Underfull \hbox (badness 1629) in paragraph at lines 23--29
\OT1/ptm/m/n/10 snoop-ing or be-ing changed en-tirely by some-one
 []


LaTeX Warning: Citation `buhrman2000quantum' on page 1 undefined on input line 
30.


LaTeX Warning: Citation `100qbit' on page 1 undefined on input line 34.


LaTeX Warning: Citation `gruska1999quantum' on page 1 undefined on input line 3
6.

[1{C:/Users/legua/AppData/Local/MiKTeX/2.9/pdftex/config/pdftex.map}


]
Underfull \hbox (badness 10000) in paragraph at lines 38--45
[]\OT1/ptm/m/n/10 The most in-trin-sic com-mu-ni-ca-tion pro-to-cols
 []


Underfull \hbox (badness 10000) in paragraph at lines 38--45
\OT1/ptm/m/n/10 en-cryp-tion be-ing an-other ma-jor as-pect. These
 []


Underfull \hbox (badness 1546) in paragraph at lines 38--45
\OT1/ptm/m/n/10 pro-to-cols are im-ple-mented us-ing El-lip-ti-cal Curve
 []


Underfull \hbox (badness 1688) in paragraph at lines 38--45
\OT1/ptm/m/n/10 Diffie-Hellman key ex-change, RSA(Rivest-Shamir-
 []


Underfull \hbox (badness 2680) in paragraph at lines 38--45
\OT1/ptm/m/n/10 Adleman) cryp-tosys-tem and AES for sym-met-ric
 []


Underfull \hbox (badness 10000) in paragraph at lines 38--45
\OT1/ptm/m/n/10 on the com-pu-ta-tional dif-fi-culty of the-o-ret-i-cal
 []


Underfull \hbox (badness 2591) in paragraph at lines 38--45
\OT1/ptm/m/n/10 this method ob-so-lete and im-po-tent, leav-ing our
 []


Underfull \hbox (badness 1874) in paragraph at lines 38--45
\OT1/ptm/m/n/10 a quan-tum com-puter with enough power. While
 []


Underfull \hbox (badness 10000) in paragraph at lines 38--45

 []


Underfull \hbox (badness 1584) in paragraph at lines 38--45
\OT1/ptm/m/n/10 Grover's al-go-rithm is an-other quan-tum al-go-rithm
 []


Overfull \hbox (52.27615pt too wide) in paragraph at lines 49--61
 [] 
 []


Underfull \hbox (badness 1383) in paragraph at lines 63--67
[]\OT1/ptm/m/n/10 The ta-ble above pro-vides in-sights into cur-rent
 []


Underfull \hbox (badness 10000) in paragraph at lines 63--67

 []

[2]
Underfull \hbox (badness 10000) in paragraph at lines 78--83

 []


Underfull \hbox (badness 2644) in paragraph at lines 78--83
\OT1/ptm/m/n/10 Based off the above in-for-ma-tion, a num-ber of
 []


Underfull \hbox (badness 10000) in paragraph at lines 86--94

 []


Underfull \hbox (badness 1688) in paragraph at lines 86--94
\OT1/ptm/m/n/10 One real world ex-am-ple of post-quantum lat-tice
 []


Underfull \hbox (badness 10000) in paragraph at lines 86--94
\OT1/ptm/m/n/10 based en-cryp-tion is NTRU. In this sys-tem
 []


Underfull \hbox (badness 10000) in paragraph at lines 86--94
\OT1/ptm/m/n/10 the pub-lic key is a $\OML/cmm/m/it/10 p$\OT1/ptm/m/n/10 -coeff
icient poly-no-mial
 []


Underfull \hbox (badness 2269) in paragraph at lines 86--94
\OML/cmm/m/it/10 h \OT1/cmr/m/n/10 = \OML/cmm/m/it/10 h[] \OT1/cmr/m/n/10 + \OM
L/cmm/m/it/10 h[]x \OT1/cmr/m/n/10 + \OML/cmm/m/it/10 :::: \OT1/cmr/m/n/10 + \O
ML/cmm/m/it/10 h[]x[]$ \OT1/ptm/m/n/10 with each
 []


LaTeX Warning: Citation `supersing' on page 3 undefined on input line 97.


Underfull \hbox (badness 1888) in paragraph at lines 97--105
\OT1/ptm/m/n/10 systems[[]] were cre-ated to re-place the el-lip-ti-cal
 []


Underfull \hbox (badness 10000) in paragraph at lines 97--105

 []


Underfull \hbox (badness 1552) in paragraph at lines 97--105
\OT1/ptm/m/n/10 The se-cu-rity of such sys-tems are heav-ily based
 []

[3]
LaTeX Info: Symbol \textrightarrow not provided by
            font family ptm in TS1 encoding.
            Default family used instead on input line 105.
LaTeX Info: Symbol \textrightarrow not provided by
            font family ptm in TS1 encoding.
            Default family used instead on input line 106.
LaTeX Info: Symbol \textrightarrow not provided by
            font family ptm in TS1 encoding.
            Default family used instead on input line 107.
LaTeX Info: Symbol \textrightarrow not provided by
            font family ptm in TS1 encoding.
            Default family used instead on input line 108.


LaTeX Warning: Citation `supersing' on page 4 undefined on input line 110.


Underfull \hbox (badness 10000) in paragraph at lines 110--121

 []


Underfull \hbox (badness 2334) in paragraph at lines 110--121
\OT1/ptm/m/n/10 by re-searchers work-ing on us-ing su-per sin-gu-lar
 []


Underfull \hbox (badness 5217) in paragraph at lines 110--121
\OT1/ptm/m/n/10 iso-ge-nies for dig-i-tal sig-na-tures in-stead of key
 []


Underfull \hbox (badness 2057) in paragraph at lines 110--121
\OT1/ptm/m/n/10 func-tion on the data and out-put an ap-pro-pri-ate
 []


Underfull \hbox (badness 10000) in paragraph at lines 110--121

 []


Underfull \hbox (badness 3758) in paragraph at lines 110--121
\OT1/ptm/m/n/10 when com-bined with pre-existing re-search. The
 []


Underfull \hbox (badness 3128) in paragraph at lines 110--121
\OT1/ptm/m/n/10 so-phis-ti-ca-tion of the math-e-mat-ics used in such
 []


Underfull \hbox (badness 1442) in paragraph at lines 110--121
\OT1/ptm/m/n/10 with very small key sizes by re-searchers shows
 []


LaTeX Warning: Citation `alagic2019status' on page 4 undefined on input line 12
8.


LaTeX Warning: Citation `197151' on page 4 undefined on input line 130.


Underfull \hbox (badness 10000) in paragraph at lines 146--147
[]|\OT1/ptm/m/n/8 McEliece's code based
 []


Overfull \hbox (52.27615pt too wide) in paragraph at lines 141--153
 [] 
 []

[4]
No file "Post-Quantum Cryptography".bbl.
[5

] [6] ("Post-Quantum Cryptography.aux")

LaTeX Warning: There were undefined references.

 ) 
Here is how much of TeX's memory you used:
 4253 strings out of 481545
 72272 string characters out of 2913488
 483058 words of memory out of 3000000
 19467 multiletter control sequences out of 15000+200000
 570131 words of font info for 96 fonts, out of 3000000 for 9000
 1141 hyphenation exceptions out of 8191
 35i,9n,34p,1324b,229s stack positions out of 5000i,500n,10000p,200000b,50000s
 <C:\Users\legua\AppData\Local\MiKTeX\2.9\fonts/pk/ljfour/jknappen/ec/dpi600\
tcrm1000.pk>{C:/Users/legua/AppData/Local/Programs/MiKTeX 2.9/fonts/enc/dvips/b
ase/8r.enc}<C:/Users/legua/AppData/Local/Programs/MiKTeX 2.9/fonts/type1/public
/amsfonts/cm/cmmi10.pfb><C:/Users/legua/AppData/Local/Programs/MiKTeX 2.9/fonts
/type1/public/amsfonts/cm/cmmi7.pfb><C:/Users/legua/AppData/Local/Programs/MiKT
eX 2.9/fonts/type1/public/amsfonts/cm/cmr10.pfb><C:/Users/legua/AppData/Local/P
rograms/MiKTeX 2.9/fonts/type1/public/amsfonts/cm/cmr5.pfb><C:/Users/legua/AppD
ata/Local/Programs/MiKTeX 2.9/fonts/type1/public/amsfonts/cm/cmr7.pfb><C:/Users
/legua/AppData/Local/Programs/MiKTeX 2.9/fonts/type1/public/amsfonts/cm/cmsy10.
pfb><C:/Users/legua/AppData/Local/Programs/MiKTeX 2.9/fonts/type1/public/amsfon
ts/cm/cmsy7.pfb><C:/Users/legua/AppData/Local/Programs/MiKTeX 2.9/fonts/type1/u
rw/times/utmb8a.pfb><C:/Users/legua/AppData/Local/Programs/MiKTeX 2.9/fonts/typ
e1/urw/times/utmbi8a.pfb><C:/Users/legua/AppData/Local/Programs/MiKTeX 2.9/font
s/type1/urw/times/utmr8a.pfb><C:/Users/legua/AppData/Local/Programs/MiKTeX 2.9/
fonts/type1/urw/times/utmri8a.pfb>
Output written on "Post-Quantum Cryptography.pdf" (6 pages, 144076 bytes).
PDF statistics:
 71 PDF objects out of 1000 (max. 8388607)
 0 named destinations out of 1000 (max. 500000)
 1 words of extra memory for PDF output out of 10000 (max. 10000000)

